2022-11-10 04:18:31 INFO  ApacheHttpClient.getTask(488) - responseCode = 200
2022-11-10 04:19:07 INFO  ApacheHttpClient.completed(32) - responseCode = 400
2022-11-10 04:19:07 WARN  TaskCompleted.run(74) - You already completed this task: "Space (16)"
com.homework.plugin.analytics.PluginWarningException: warning
	at com.homework.plugin.callback.TaskCompleted.run(TaskCompleted.java:74)
	at com.intellij.openapi.application.TransactionGuardImpl.runWithWritingAllowed(TransactionGuardImpl.java:209)
	at com.intellij.openapi.application.TransactionGuardImpl.access$100(TransactionGuardImpl.java:21)
	at com.intellij.openapi.application.TransactionGuardImpl$1.run(TransactionGuardImpl.java:191)
	at com.intellij.openapi.application.impl.ApplicationImpl.runIntendedWriteActionOnCurrentThread(ApplicationImpl.java:881)
	at com.intellij.openapi.application.impl.ApplicationImpl$3.run(ApplicationImpl.java:513)
	at com.intellij.openapi.application.impl.FlushQueue.doRun(FlushQueue.java:75)
	at com.intellij.openapi.application.impl.FlushQueue.runNextEvent(FlushQueue.java:118)
	at com.intellij.openapi.application.impl.FlushQueue.flushNow(FlushQueue.java:42)
	at java.desktop/java.awt.event.InvocationEvent.dispatch(InvocationEvent.java:318)
	at java.desktop/java.awt.EventQueue.dispatchEventImpl(EventQueue.java:779)
	at java.desktop/java.awt.EventQueue$4.run(EventQueue.java:730)
	at java.desktop/java.awt.EventQueue$4.run(EventQueue.java:724)
	at java.base/java.security.AccessController.doPrivileged(AccessController.java:399)
	at java.base/java.security.ProtectionDomain$JavaSecurityAccessImpl.doIntersectionPrivilege(ProtectionDomain.java:86)
	at java.desktop/java.awt.EventQueue.dispatchEvent(EventQueue.java:749)
	at com.intellij.ide.IdeEventQueue.defaultDispatchEvent(IdeEventQueue.java:918)
	at com.intellij.ide.IdeEventQueue._dispatchEvent(IdeEventQueue.java:766)
	at com.intellij.ide.IdeEventQueue.lambda$dispatchEvent$6(IdeEventQueue.java:450)
	at com.intellij.openapi.progress.impl.CoreProgressManager.computePrioritized(CoreProgressManager.java:791)
	at com.intellij.ide.IdeEventQueue.lambda$dispatchEvent$7(IdeEventQueue.java:449)
	at com.intellij.openapi.application.TransactionGuardImpl.performActivity(TransactionGuardImpl.java:105)
	at com.intellij.ide.IdeEventQueue.performActivity(IdeEventQueue.java:624)
	at com.intellij.ide.IdeEventQueue.lambda$dispatchEvent$8(IdeEventQueue.java:447)
	at com.intellij.openapi.application.impl.ApplicationImpl.runIntendedWriteActionOnCurrentThread(ApplicationImpl.java:881)
	at com.intellij.ide.IdeEventQueue.dispatchEvent(IdeEventQueue.java:493)
	at java.desktop/java.awt.EventDispatchThread.pumpOneEventForFilters(EventDispatchThread.java:207)
	at java.desktop/java.awt.EventDispatchThread.pumpEventsForFilter(EventDispatchThread.java:128)
	at java.desktop/java.awt.EventDispatchThread.pumpEventsForHierarchy(EventDispatchThread.java:117)
	at java.desktop/java.awt.EventDispatchThread.pumpEvents(EventDispatchThread.java:113)
	at java.desktop/java.awt.EventDispatchThread.pumpEvents(EventDispatchThread.java:105)
	at java.desktop/java.awt.EventDispatchThread.run(EventDispatchThread.java:92)
2022-11-10 04:20:27 INFO  ApacheHttpClient.getWebResourceAsStream(502) - responseCode = 200
2022-11-10 04:20:32 INFO  ApacheHttpClient.getFilteredTasks(336) - responseCode = 200
2022-11-10 04:20:47 INFO  ApacheHttpClient.getTaskTemplateInfo(353) - responseCode = 200
2022-11-10 04:21:07 INFO  ApacheHttpClient.getWebResourceAsStream(502) - responseCode = 200
2022-11-10 04:21:11 INFO  ApacheHttpClient.getTask(488) - responseCode = 200
2022-11-10 04:21:20 INFO  ApacheHttpClient.completed(32) - responseCode = 200
2022-11-10 04:21:20 INFO  ApacheHttpClient.getTask(488) - responseCode = 200
2022-11-10 04:21:24 INFO  ApacheHttpClient.getWebResourceAsStream(502) - responseCode = 200
2022-11-10 04:21:29 INFO  ApacheHttpClient.getFilteredTasks(336) - responseCode = 200
2022-11-10 04:21:39 INFO  ApacheHttpClient.getTaskTemplateInfo(353) - responseCode = 200
2022-11-10 04:42:56 INFO  ApacheHttpClient.getWebResourceAsStream(502) - responseCode = 200
2022-11-10 04:43:10 INFO  ApacheHttpClient.getTask(488) - responseCode = 200
2022-11-10 04:43:19 INFO  ApacheHttpClient.completed(32) - responseCode = 200
2022-11-10 04:43:19 INFO  ApacheHttpClient.getTask(488) - responseCode = 200
2022-11-10 06:04:05 INFO  ApacheHttpClient.getWebResourceAsStream(502) - responseCode = 200
2022-11-10 06:04:08 INFO  ApacheHttpClient.getFilteredTasks(336) - responseCode = 200
2022-11-10 06:04:24 INFO  ApacheHttpClient.getTaskTemplateInfo(353) - responseCode = 200
2022-11-10 06:04:28 INFO  ApacheHttpClient.getTaskTemplateInfo(353) - responseCode = 200
2022-11-10 06:04:50 INFO  ApacheHttpClient.getWebResourceAsStream(502) - responseCode = 200
2022-11-10 06:04:54 INFO  ApacheHttpClient.getFilteredTasks(336) - responseCode = 200
2022-11-10 06:04:58 INFO  ApacheHttpClient.getTaskTemplateInfo(353) - responseCode = 200
2022-11-10 06:11:41 INFO  ApacheHttpClient.getWebResourceAsStream(502) - responseCode = 200
2022-11-10 06:11:44 INFO  ApacheHttpClient.getTask(488) - responseCode = 200
2022-11-10 06:11:46 INFO  ApacheHttpClient.completed(32) - responseCode = 200
2022-11-10 06:11:47 INFO  ApacheHttpClient.getTask(488) - responseCode = 200
2022-11-10 06:11:54 INFO  ApacheHttpClient.getWebResourceAsStream(502) - responseCode = 200
2022-11-10 06:12:00 INFO  ApacheHttpClient.getFilteredTasks(336) - responseCode = 200
2022-11-10 06:12:04 INFO  ApacheHttpClient.getTaskTemplateInfo(353) - responseCode = 200
2022-11-10 06:12:04 INFO  TaskInfoSelectorMouseListener.createDirectoryRecursive(78) - File created :C:/jR/JavaRushTasks/3.JavaMultithreading/src/com/javarush/task/task24/task2402
2022-11-10 06:16:10 INFO  ApacheHttpClient.getWebResourceAsStream(502) - responseCode = 200
2022-11-10 06:16:13 INFO  ApacheHttpClient.getTask(488) - responseCode = 200
2022-11-10 06:16:15 INFO  ApacheHttpClient.completed(32) - responseCode = 200
2022-11-10 06:17:09 INFO  ApacheHttpClient.getWebResourceAsStream(502) - responseCode = 200
2022-11-10 06:17:11 INFO  ApacheHttpClient.getTask(488) - responseCode = 200
2022-11-10 06:17:14 INFO  ApacheHttpClient.completed(32) - responseCode = 200
2022-11-10 06:18:30 INFO  ApacheHttpClient.getWebResourceAsStream(502) - responseCode = 200
2022-11-10 06:18:32 INFO  ApacheHttpClient.getTask(488) - responseCode = 200
2022-11-10 06:18:36 INFO  ApacheHttpClient.completed(32) - responseCode = 200
2022-11-10 06:18:37 INFO  ApacheHttpClient.getTask(488) - responseCode = 200
2022-11-10 06:18:55 INFO  ApacheHttpClient.getWebResourceAsStream(502) - responseCode = 200
2022-11-10 06:18:59 INFO  ApacheHttpClient.getFilteredTasks(336) - responseCode = 200
2022-11-10 06:19:02 INFO  ApacheHttpClient.getTaskTemplateInfo(353) - responseCode = 200
2022-11-10 06:19:02 INFO  TaskInfoSelectorMouseListener.createDirectoryRecursive(78) - File created :C:/jR/JavaRushTasks/3.JavaMultithreading/src/com/javarush/task/task24/task2403
2022-11-10 06:22:53 INFO  ApacheHttpClient.getWebResourceAsStream(502) - responseCode = 200
2022-11-10 06:22:57 INFO  ApacheHttpClient.completed(32) - responseCode = 200
2022-11-10 06:22:57 INFO  ApacheHttpClient.getTask(488) - responseCode = 200
2022-11-10 06:22:58 INFO  ApacheHttpClient.getTask(488) - responseCode = 200
2022-11-10 06:23:08 INFO  ApacheHttpClient.getWebResourceAsStream(502) - responseCode = 200
2022-11-10 06:23:11 INFO  ApacheHttpClient.getFilteredTasks(336) - responseCode = 200
2022-11-10 06:23:18 INFO  ApacheHttpClient.getTaskTemplateInfo(353) - responseCode = 200
2022-11-10 06:23:18 INFO  TaskInfoSelectorMouseListener.createDirectoryRecursive(78) - File created :C:/jR/JavaRushTasks/3.JavaMultithreading/src/com/javarush/task/task24/task2404
2022-11-10 06:23:19 INFO  ApacheHttpClient.getTaskTemplateInfo(353) - responseCode = 200
2022-11-10 06:59:26 INFO  ApacheHttpClient.getWebResourceAsStream(502) - responseCode = 200
2022-11-10 07:04:20 INFO  ApacheHttpClient.getWebResourceAsStream(502) - responseCode = 200
2022-11-10 07:04:23 INFO  ApacheHttpClient.getTask(488) - responseCode = 200
2022-11-10 07:04:23 INFO  ApacheHttpClient.completed(32) - responseCode = 200
2022-11-10 07:04:23 INFO  ApacheHttpClient.getTask(488) - responseCode = 200
2022-11-10 07:04:41 INFO  ApacheHttpClient.getWebResourceAsStream(502) - responseCode = 200
2022-11-10 07:04:43 INFO  ApacheHttpClient.getFilteredTasks(336) - responseCode = 200
2022-11-11 05:37:00 INFO  ApacheHttpClient.getWebResourceAsStream(502) - responseCode = 200
2022-11-11 05:37:02 INFO  ApacheHttpClient.getFilteredTasks(336) - responseCode = 200
2022-11-11 05:37:16 INFO  ApacheHttpClient.getTaskTemplateInfo(353) - responseCode = 200
2022-11-11 05:37:16 INFO  TaskInfoSelectorMouseListener.createDirectoryRecursive(78) - File created :C:/jR/JavaRushTasks/3.JavaMultithreading/src/com/javarush/task/task24/task2405
2022-11-11 05:49:23 INFO  ApacheHttpClient.getWebResourceAsStream(502) - responseCode = 200
2022-11-11 05:49:26 INFO  ApacheHttpClient.getTask(488) - responseCode = 200
2022-11-11 06:23:30 INFO  ApacheHttpClient.getWebResourceAsStream(502) - responseCode = 200
2022-11-11 06:39:20 INFO  ApacheHttpClient.getWebResourceAsStream(502) - responseCode = 200
2022-11-11 06:40:14 INFO  ApacheHttpClient.getWebResourceAsStream(502) - responseCode = 200
2022-11-11 06:40:17 INFO  ApacheHttpClient.completed(32) - responseCode = 200
2022-11-11 06:40:17 INFO  ApacheHttpClient.getTask(488) - responseCode = 200
2022-11-11 06:40:18 INFO  ApacheHttpClient.getTask(488) - responseCode = 200
2022-11-11 06:40:31 INFO  ApacheHttpClient.getWebResourceAsStream(502) - responseCode = 200
2022-11-11 06:40:35 WARN  PluginUtil.getCurrentTask(78) - Error while retrieving the task key.
java.lang.StringIndexOutOfBoundsException: begin -1, end 42, length 42
	at java.base/java.lang.String.checkBoundsBeginEnd(String.java:4604)
	at java.base/java.lang.String.substring(String.java:2707)
	at java.base/java.lang.String.substring(String.java:2680)
	at com.homework.plugin.PluginUtil.getCurrentVirtualFile(PluginUtil.java:160)
	at com.homework.plugin.PluginUtil.getCurrentTask(PluginUtil.java:69)
	at com.homework.plugin.button.ForumButton.actionPerformed(ForumButton.java:47)
	at com.intellij.openapi.actionSystem.impl.ActionButton.actionPerformed(ActionButton.java:190)
	at com.intellij.openapi.actionSystem.impl.ActionButton.lambda$performAction$0(ActionButton.java:166)
	at com.intellij.openapi.actionSystem.ex.ActionUtil.performDumbAwareWithCallbacks(ActionUtil.java:337)
	at com.intellij.openapi.actionSystem.impl.ActionButton.performAction(ActionButton.java:166)
	at com.intellij.openapi.actionSystem.impl.ActionButton.processMouseEvent(ActionButton.java:465)
	at java.desktop/java.awt.Component.processEvent(Component.java:6413)
	at java.desktop/java.awt.Container.processEvent(Container.java:2266)
	at java.desktop/java.awt.Component.dispatchEventImpl(Component.java:5022)
	at java.desktop/java.awt.Container.dispatchEventImpl(Container.java:2324)
	at java.desktop/java.awt.Component.dispatchEvent(Component.java:4854)
	at java.desktop/java.awt.LightweightDispatcher.retargetMouseEvent(Container.java:4948)
	at java.desktop/java.awt.LightweightDispatcher.processMouseEvent(Container.java:4575)
	at java.desktop/java.awt.LightweightDispatcher.dispatchEvent(Container.java:4516)
	at java.desktop/java.awt.Container.dispatchEventImpl(Container.java:2310)
	at java.desktop/java.awt.Window.dispatchEventImpl(Window.java:2802)
	at java.desktop/java.awt.Component.dispatchEvent(Component.java:4854)
	at java.desktop/java.awt.EventQueue.dispatchEventImpl(EventQueue.java:781)
	at java.desktop/java.awt.EventQueue$4.run(EventQueue.java:730)
	at java.desktop/java.awt.EventQueue$4.run(EventQueue.java:724)
	at java.base/java.security.AccessController.doPrivileged(AccessController.java:399)
	at java.base/java.security.ProtectionDomain$JavaSecurityAccessImpl.doIntersectionPrivilege(ProtectionDomain.java:86)
	at java.base/java.security.ProtectionDomain$JavaSecurityAccessImpl.doIntersectionPrivilege(ProtectionDomain.java:97)
	at java.desktop/java.awt.EventQueue$5.run(EventQueue.java:754)
	at java.desktop/java.awt.EventQueue$5.run(EventQueue.java:752)
	at java.base/java.security.AccessController.doPrivileged(AccessController.java:399)
	at java.base/java.security.ProtectionDomain$JavaSecurityAccessImpl.doIntersectionPrivilege(ProtectionDomain.java:86)
	at java.desktop/java.awt.EventQueue.dispatchEvent(EventQueue.java:751)
	at com.intellij.ide.IdeEventQueue.defaultDispatchEvent(IdeEventQueue.java:918)
	at com.intellij.ide.IdeEventQueue.dispatchMouseEvent(IdeEventQueue.java:840)
	at com.intellij.ide.IdeEventQueue._dispatchEvent(IdeEventQueue.java:763)
	at com.intellij.ide.IdeEventQueue.lambda$dispatchEvent$6(IdeEventQueue.java:450)
	at com.intellij.openapi.progress.impl.CoreProgressManager.computePrioritized(CoreProgressManager.java:791)
	at com.intellij.ide.IdeEventQueue.lambda$dispatchEvent$7(IdeEventQueue.java:449)
	at com.intellij.openapi.application.TransactionGuardImpl.performActivity(TransactionGuardImpl.java:113)
	at com.intellij.ide.IdeEventQueue.performActivity(IdeEventQueue.java:624)
	at com.intellij.ide.IdeEventQueue.lambda$dispatchEvent$8(IdeEventQueue.java:447)
	at com.intellij.openapi.application.impl.ApplicationImpl.runIntendedWriteActionOnCurrentThread(ApplicationImpl.java:881)
	at com.intellij.ide.IdeEventQueue.dispatchEvent(IdeEventQueue.java:493)
	at java.desktop/java.awt.EventDispatchThread.pumpOneEventForFilters(EventDispatchThread.java:207)
	at java.desktop/java.awt.EventDispatchThread.pumpEventsForFilter(EventDispatchThread.java:128)
	at java.desktop/java.awt.EventDispatchThread.pumpEventsForHierarchy(EventDispatchThread.java:117)
	at java.desktop/java.awt.EventDispatchThread.pumpEvents(EventDispatchThread.java:113)
	at java.desktop/java.awt.EventDispatchThread.pumpEvents(EventDispatchThread.java:105)
	at java.desktop/java.awt.EventDispatchThread.run(EventDispatchThread.java:92)
2022-11-11 06:40:35 INFO  ApacheHttpClient.getTask(488) - responseCode = 200
2022-11-11 06:44:24 INFO  ApacheHttpClient.getWebResourceAsStream(502) - responseCode = 200
2022-11-11 06:44:26 INFO  ApacheHttpClient.getFilteredTasks(336) - responseCode = 200
2022-11-11 06:44:48 INFO  ApacheHttpClient.getTaskTemplateInfo(353) - responseCode = 200
2022-11-11 06:44:48 INFO  TaskInfoSelectorMouseListener.createDirectoryRecursive(78) - File created :C:/jR/JavaRushTasks/3.JavaMultithreading/src/com/javarush/task/task24/task2406
2022-11-11 06:53:57 INFO  ApacheHttpClient.getWebResourceAsStream(502) - responseCode = 200
2022-11-11 06:54:00 INFO  ApacheHttpClient.getTask(488) - responseCode = 200
2022-11-11 07:00:32 INFO  ApacheHttpClient.getWebResourceAsStream(502) - responseCode = 200
2022-11-11 07:02:37 INFO  ApacheHttpClient.getWebResourceAsStream(502) - responseCode = 200
2022-11-11 07:02:39 INFO  ApacheHttpClient.completed(32) - responseCode = 200
2022-11-11 07:02:39 INFO  ApacheHttpClient.getTask(488) - responseCode = 200
2022-11-11 07:03:25 INFO  ApacheHttpClient.getWebResourceAsStream(502) - responseCode = 200
2022-11-11 07:03:27 INFO  ApacheHttpClient.getTask(488) - responseCode = 200
2022-11-11 07:03:28 INFO  ApacheHttpClient.completed(32) - responseCode = 200
2022-11-11 07:03:28 INFO  ApacheHttpClient.getTask(488) - responseCode = 200
2022-11-11 07:03:38 INFO  ApacheHttpClient.getWebResourceAsStream(502) - responseCode = 200
2022-11-11 07:03:40 INFO  ApacheHttpClient.getFilteredTasks(336) - responseCode = 200
2022-11-11 07:03:52 INFO  ApacheHttpClient.getTaskTemplateInfo(353) - responseCode = 200
2022-11-11 07:03:52 INFO  TaskInfoSelectorMouseListener.createDirectoryRecursive(78) - File created :C:/jR/JavaRushTasks/3.JavaMultithreading/src/com/javarush/task/task24/task2407
2022-11-11 07:17:30 INFO  ApacheHttpClient.getWebResourceAsStream(502) - responseCode = 200
2022-11-11 07:17:34 INFO  ApacheHttpClient.getTask(488) - responseCode = 200
2022-11-11 07:17:38 INFO  ApacheHttpClient.completed(32) - responseCode = 200
2022-11-11 07:17:38 INFO  ApacheHttpClient.getTask(488) - responseCode = 200
2022-11-11 07:17:48 INFO  ApacheHttpClient.getWebResourceAsStream(502) - responseCode = 200
2022-11-11 07:17:51 INFO  ApacheHttpClient.getFilteredTasks(336) - responseCode = 200
2022-11-11 07:18:02 INFO  ApacheHttpClient.getTaskTemplateInfo(353) - responseCode = 200
2022-11-11 07:18:02 INFO  TaskInfoSelectorMouseListener.createDirectoryRecursive(78) - File created :C:/jR/JavaRushTasks/3.JavaMultithreading/src/com/javarush/task/task24/task2408
2022-11-11 07:18:08 INFO  ApacheHttpClient.getWebResourceAsStream(502) - responseCode = 200
2022-11-11 07:18:10 INFO  ApacheHttpClient.getTask(488) - responseCode = 200
2022-11-12 04:28:30 INFO  ApacheHttpClient.getWebResourceAsStream(502) - responseCode = 200
2022-11-12 04:28:32 INFO  ApacheHttpClient.getTask(488) - responseCode = 200
2022-11-12 04:28:33 INFO  ApacheHttpClient.completed(32) - responseCode = 200
2022-11-12 04:28:33 INFO  ApacheHttpClient.getTask(488) - responseCode = 200
2022-11-12 04:28:47 INFO  ApacheHttpClient.getWebResourceAsStream(502) - responseCode = 200
2022-11-12 04:28:49 INFO  ApacheHttpClient.getTask(488) - responseCode = 200
2022-11-12 04:35:38 INFO  ApacheHttpClient.getWebResourceAsStream(502) - responseCode = 200
2022-11-12 04:35:41 INFO  ApacheHttpClient.getFilteredTasks(336) - responseCode = 200
2022-11-12 04:37:06 INFO  ApacheHttpClient.getTaskTemplateInfo(353) - responseCode = 200
2022-11-12 04:37:06 INFO  TaskInfoSelectorMouseListener.createDirectoryRecursive(78) - File created :C:/jR/JavaRushTasks/3.JavaMultithreading/src/com/javarush/task/task24/task2409
2022-11-20 04:33:23 INFO  ProjectStartupHandler.projectClosing(155) - ---------- Project closed ----------

2022-11-20 04:33:26 INFO  ApacheHttpClient.getTask(488) - responseCode = 200
2022-11-20 04:33:26 INFO  ApacheHttpClient.getTask(488) - responseCode = 200
2022-11-20 04:33:26 INFO  ApacheHttpClient.getTask(488) - responseCode = 200
2022-11-20 04:33:27 INFO  ApacheHttpClient.getTask(488) - responseCode = 200
2022-11-20 04:33:28 INFO  ApacheHttpClient.getTask(488) - responseCode = 200
2022-11-20 04:33:30 INFO  ApacheHttpClient.getTask(488) - responseCode = 200
2022-11-20 04:33:30 INFO  ApacheHttpClient.getTask(488) - responseCode = 200
2022-11-20 04:33:31 INFO  ApacheHttpClient.getTask(488) - responseCode = 200
2022-11-20 04:33:31 INFO  ApacheHttpClient.getTask(488) - responseCode = 200
2022-11-20 04:33:32 INFO  ApacheHttpClient.getTask(488) - responseCode = 200
2022-11-20 04:33:32 INFO  ApacheHttpClient.getTask(488) - responseCode = 200
2022-11-20 04:33:33 INFO  ApacheHttpClient.getTask(488) - responseCode = 200
2022-11-20 04:33:33 INFO  ApacheHttpClient.getTask(488) - responseCode = 200
2022-11-20 04:33:34 INFO  ApacheHttpClient.getTask(488) - responseCode = 200
2022-11-20 04:33:34 INFO  ApacheHttpClient.getTask(488) - responseCode = 200
2022-11-20 04:33:35 INFO  ApacheHttpClient.getTask(488) - responseCode = 200
2022-11-20 04:33:35 INFO  ApacheHttpClient.getTask(488) - responseCode = 200
2022-11-20 04:33:36 INFO  ApacheHttpClient.getTask(488) - responseCode = 200
2022-11-20 04:33:36 INFO  ApacheHttpClient.getTask(488) - responseCode = 200
2022-11-20 04:33:37 INFO  ApacheHttpClient.getTask(488) - responseCode = 200
2022-11-20 04:33:37 INFO  ApacheHttpClient.getTask(488) - responseCode = 200
2022-11-20 04:33:38 INFO  ApacheHttpClient.getTask(488) - responseCode = 200
2022-11-20 04:33:39 INFO  ApacheHttpClient.getTask(488) - responseCode = 200
2022-11-20 04:33:40 INFO  ApacheHttpClient.getTask(488) - responseCode = 200
2022-11-20 04:33:45 INFO  ApacheHttpClient.getTask(488) - responseCode = 200
2022-11-20 04:33:50 INFO  ApacheHttpClient.getTask(488) - responseCode = 200
2022-11-20 04:33:51 INFO  ApacheHttpClient.getTask(488) - responseCode = 200
2022-11-20 04:33:52 INFO  ApacheHttpClient.getTask(488) - responseCode = 200
2022-11-20 04:33:53 INFO  ApacheHttpClient.getTask(488) - responseCode = 200
2022-11-20 04:33:53 INFO  ApacheHttpClient.getTask(488) - responseCode = 200
2022-11-20 04:33:54 INFO  ApacheHttpClient.getTask(488) - responseCode = 200
2022-11-20 04:33:54 INFO  ApacheHttpClient.getTask(488) - responseCode = 200
2022-11-20 04:33:54 INFO  ApacheHttpClient.getTask(488) - responseCode = 200
2022-11-20 04:33:55 INFO  ApacheHttpClient.getTask(488) - responseCode = 200
2022-11-20 04:33:55 INFO  ApacheHttpClient.getTask(488) - responseCode = 200
2022-11-20 04:33:56 INFO  ApacheHttpClient.getTask(488) - responseCode = 200
2022-11-20 04:33:56 INFO  ApacheHttpClient.getTask(488) - responseCode = 200
2022-11-20 04:33:56 INFO  ApacheHttpClient.getTask(488) - responseCode = 200
2022-11-20 04:33:57 INFO  PluginProjectService.dispose(41) - PluginProjectService for disposed.
2022-11-20 04:59:08 INFO  ProjectStartupHandler.runActivity(74) - ---------- Project opened ----------
2022-11-20 04:59:08 INFO  ProjectStartupHandler.runActivity(75) - ---------- Version 3.58 ----------

2022-11-20 04:59:11 INFO  ApacheHttpClient.isSessionAppropriateWithSecretKey(602) - Waiting for server response.
2022-11-20 04:59:12 INFO  ApacheHttpClient.isSessionAppropriateWithSecretKey(602) - Waiting for server response.
2022-11-20 04:59:12 INFO  ApacheHttpClient.isSessionAppropriateWithSecretKey(602) - Waiting for server response.
2022-11-20 04:59:12 INFO  ApacheHttpClient.isSessionAppropriateWithSecretKey(602) - Waiting for server response.
2022-11-20 04:59:14 INFO  ApacheHttpClient.refreshUserInfo(305) - responseCode = 200
2022-11-20 04:59:14 INFO  ApacheHttpClient.refreshUserInfo(311) - User information received.
2022-11-20 04:59:14 INFO  ApacheHttpClient.startGA(36) - GAService started.
2022-11-20 05:10:25 INFO  ApacheHttpClient.getWebResourceAsStream(502) - responseCode = 200
2022-11-20 05:10:29 INFO  ApacheHttpClient.getTask(488) - responseCode = 200
2022-11-20 05:22:30 INFO  ApacheHttpClient.getWebResourceAsStream(502) - responseCode = 200
2022-11-20 05:45:59 INFO  ApacheHttpClient.getWebResourceAsStream(502) - responseCode = 200
2022-11-20 05:46:02 INFO  ApacheHttpClient.getTask(488) - responseCode = 200
2022-11-20 05:46:03 INFO  ApacheHttpClient.completed(32) - responseCode = 200
2022-11-20 05:46:09 INFO  ApacheHttpClient.getTask(488) - responseCode = 200
2022-11-20 05:46:26 INFO  ApacheHttpClient.getWebResourceAsStream(502) - responseCode = 200
2022-11-20 05:46:33 INFO  ApacheHttpClient.getFilteredTasks(336) - responseCode = 200
2022-11-20 05:47:12 INFO  ApacheHttpClient.getTaskTemplateInfo(353) - responseCode = 200
2022-11-20 05:47:12 INFO  TaskInfoSelectorMouseListener.createDirectoryRecursive(78) - File created :C:/jR/JavaRushTasks/3.JavaMultithreading/src/com/javarush/task/task24/task2410
2022-11-20 05:54:12 INFO  ApacheHttpClient.getWebResourceAsStream(502) - responseCode = 200
2022-11-20 05:58:33 INFO  ApacheHttpClient.getWebResourceAsStream(502) - responseCode = 200
2022-11-20 05:58:36 INFO  ApacheHttpClient.getTask(488) - responseCode = 200
2022-11-20 05:58:37 INFO  ApacheHttpClient.completed(32) - responseCode = 200
2022-11-20 06:01:34 INFO  ApacheHttpClient.getWebResourceAsStream(502) - responseCode = 200
2022-11-20 06:01:36 INFO  ApacheHttpClient.completed(32) - responseCode = 200
2022-11-20 06:01:43 INFO  ApacheHttpClient.getTask(488) - responseCode = 200
2022-11-20 06:01:43 INFO  ApacheHttpClient.getTask(488) - responseCode = 200
2022-11-20 06:01:54 INFO  ApacheHttpClient.getWebResourceAsStream(502) - responseCode = 200
2022-11-20 06:01:57 INFO  ApacheHttpClient.getFilteredTasks(336) - responseCode = 200
2022-11-20 06:02:01 INFO  ApacheHttpClient.getTaskTemplateInfo(353) - responseCode = 200
2022-11-20 06:02:01 INFO  TaskInfoSelectorMouseListener.createDirectoryRecursive(78) - File created :C:/jR/JavaRushTasks/3.JavaMultithreading/src/com/javarush/task/task24/task2411
2022-11-20 06:26:48 INFO  ApacheHttpClient.getWebResourceAsStream(502) - responseCode = 200
2022-11-20 06:27:26 INFO  ApacheHttpClient.getTask(488) - responseCode = 200
2022-11-20 06:27:27 INFO  ApacheHttpClient.completed(32) - responseCode = 200
2022-11-20 06:27:27 INFO  ApacheHttpClient.getTask(488) - responseCode = 200
2022-11-20 06:27:39 INFO  ApacheHttpClient.getWebResourceAsStream(502) - responseCode = 200
2022-11-20 06:27:45 INFO  ApacheHttpClient.getFilteredTasks(336) - responseCode = 200
2022-11-20 06:28:13 INFO  ProjectStartupHandler.projectClosing(155) - ---------- Project closed ----------

2022-11-20 06:28:13 INFO  ApacheHttpClient.getTask(488) - responseCode = 200
2022-11-20 06:28:14 INFO  ApacheHttpClient.getTask(488) - responseCode = 200
2022-11-20 06:28:14 INFO  ApacheHttpClient.getTask(488) - responseCode = 200
2022-11-20 06:28:14 INFO  PluginProjectService.dispose(41) - PluginProjectService for disposed.
2022-12-06 21:20:24 INFO  ProjectStartupHandler.runActivity(74) - ---------- Project opened ----------
2022-12-06 21:20:24 INFO  ProjectStartupHandler.runActivity(75) - ---------- Version 3.58 ----------

2022-12-06 21:20:31 INFO  HttpsURLConnectionClient.isSessionAppropriateWithSecretKey(896) - Error while authorizing using the session.
2022-12-06 21:20:32 INFO  HttpsURLConnectionClient.login(192) - responseCode = 403
2022-12-06 21:20:32 INFO  HttpsURLConnectionClient.setCookieFromSession(992) - JSESSIONID OK
2022-12-06 21:20:32 INFO  HttpsURLConnectionClient.refreshUserInfo(828) - responseCode = 403
2022-12-27 16:20:53 INFO  ProjectStartupHandler.runActivity(74) - ---------- Project opened ----------
2022-12-27 16:20:53 INFO  ProjectStartupHandler.runActivity(75) - ---------- Version 3.58 ----------

2022-12-27 16:20:53 INFO  ApacheHttpClient.isSessionAppropriateWithSecretKey(589) - The session is not set in the property file.
2022-12-27 16:20:53 INFO  ApacheHttpClient.login(250) - Waiting for server response.
2022-12-27 16:20:53 INFO  ApacheHttpClient.login(250) - Waiting for server response.
2022-12-27 16:20:53 INFO  ApacheHttpClient.login(254) - responseCode = 500
2022-12-27 16:20:53 WARN  ApacheHttpClient.login(268) - Error while signing in using a secret key. Check properties file.responseCode = 500
com.homework.plugin.analytics.PluginWarningException: warning
	at com.homework.plugin.client.ApacheHttpClient.login(ApacheHttpClient.java:268)
	at com.homework.plugin.extension.ProjectStartupHandler.runActivity(ProjectStartupHandler.java:93)
	at com.intellij.ide.startup.impl.StartupManagerImplKt.runStartupActivity(StartupManagerImpl.kt:511)
	at com.intellij.ide.startup.impl.StartupManagerImplKt.access$runStartupActivity(StartupManagerImpl.kt:1)
	at com.intellij.ide.startup.impl.StartupManagerImpl.runActivityAndMeasureDuration(StartupManagerImpl.kt:305)
	at com.intellij.ide.startup.impl.StartupManagerImpl.runActivityAndMeasureDuration$default(StartupManagerImpl.kt:296)
	at com.intellij.ide.startup.impl.StartupManagerImpl$runPostStartupActivities$1$2.run(StartupManagerImpl.kt:260)
	at com.intellij.openapi.project.DumbServiceImpl.doRun(DumbServiceImpl.java:395)
	at com.intellij.openapi.project.DumbServiceImpl.updateFinished(DumbServiceImpl.java:387)
	at com.intellij.openapi.project.TrackedEdtActivityService$TrackedEdtActivity.run(TrackedEdtActivityService.java:66)
	at com.intellij.openapi.application.TransactionGuardImpl.runWithWritingAllowed(TransactionGuardImpl.java:209)
	at com.intellij.openapi.application.TransactionGuardImpl.access$100(TransactionGuardImpl.java:21)
	at com.intellij.openapi.application.TransactionGuardImpl$1.run(TransactionGuardImpl.java:191)
	at com.intellij.openapi.application.impl.ApplicationImpl.runIntendedWriteActionOnCurrentThread(ApplicationImpl.java:881)
	at com.intellij.openapi.application.impl.ApplicationImpl$3.run(ApplicationImpl.java:513)
	at com.intellij.openapi.application.impl.FlushQueue.doRun(FlushQueue.java:75)
	at com.intellij.openapi.application.impl.FlushQueue.runNextEvent(FlushQueue.java:118)
	at com.intellij.openapi.application.impl.FlushQueue.flushNow(FlushQueue.java:42)
	at java.desktop/java.awt.event.InvocationEvent.dispatch(InvocationEvent.java:318)
	at java.desktop/java.awt.EventQueue.dispatchEventImpl(EventQueue.java:779)
	at java.desktop/java.awt.EventQueue$4.run(EventQueue.java:730)
	at java.desktop/java.awt.EventQueue$4.run(EventQueue.java:724)
	at java.base/java.security.AccessController.doPrivileged(AccessController.java:399)
	at java.base/java.security.ProtectionDomain$JavaSecurityAccessImpl.doIntersectionPrivilege(ProtectionDomain.java:86)
	at java.desktop/java.awt.EventQueue.dispatchEvent(EventQueue.java:749)
	at com.intellij.ide.IdeEventQueue.defaultDispatchEvent(IdeEventQueue.java:918)
	at com.intellij.ide.IdeEventQueue._dispatchEvent(IdeEventQueue.java:766)
	at com.intellij.ide.IdeEventQueue.lambda$dispatchEvent$6(IdeEventQueue.java:450)
	at com.intellij.openapi.progress.impl.CoreProgressManager.computePrioritized(CoreProgressManager.java:791)
	at com.intellij.ide.IdeEventQueue.lambda$dispatchEvent$7(IdeEventQueue.java:449)
	at com.intellij.openapi.application.TransactionGuardImpl.performActivity(TransactionGuardImpl.java:105)
	at com.intellij.ide.IdeEventQueue.performActivity(IdeEventQueue.java:624)
	at com.intellij.ide.IdeEventQueue.lambda$dispatchEvent$8(IdeEventQueue.java:447)
	at com.intellij.openapi.application.impl.ApplicationImpl.runIntendedWriteActionOnCurrentThread(ApplicationImpl.java:881)
	at com.intellij.ide.IdeEventQueue.dispatchEvent(IdeEventQueue.java:493)
	at java.desktop/java.awt.EventDispatchThread.pumpOneEventForFilters(EventDispatchThread.java:207)
	at java.desktop/java.awt.EventDispatchThread.pumpEventsForFilter(EventDispatchThread.java:128)
	at java.desktop/java.awt.EventDispatchThread.pumpEventsForHierarchy(EventDispatchThread.java:117)
	at java.desktop/java.awt.EventDispatchThread.pumpEvents(EventDispatchThread.java:113)
	at java.desktop/java.awt.EventDispatchThread.pumpEvents(EventDispatchThread.java:105)
	at java.desktop/java.awt.EventDispatchThread.run(EventDispatchThread.java:92)
2022-12-27 16:20:53 INFO  AnalyticsService.run(86) - null : error in server. Status code :301
2022-12-29 18:27:05 INFO  ProjectStartupHandler.runActivity(74) - ---------- Project opened ----------
2022-12-29 18:27:05 INFO  ProjectStartupHandler.runActivity(75) - ---------- Version 3.58 ----------

2022-12-29 18:27:05 INFO  ApacheHttpClient.isSessionAppropriateWithSecretKey(589) - The session is not set in the property file.
2022-12-29 18:27:05 INFO  ApacheHttpClient.login(250) - Waiting for server response.
2022-12-29 18:27:05 INFO  ApacheHttpClient.login(254) - responseCode = 500
2022-12-29 18:27:05 WARN  ApacheHttpClient.login(268) - Error while signing in using a secret key. Check properties file.responseCode = 500
com.homework.plugin.analytics.PluginWarningException: warning
	at com.homework.plugin.client.ApacheHttpClient.login(ApacheHttpClient.java:268)
	at com.homework.plugin.extension.ProjectStartupHandler.runActivity(ProjectStartupHandler.java:93)
	at com.intellij.ide.startup.impl.StartupManagerImplKt.runStartupActivity(StartupManagerImpl.kt:511)
	at com.intellij.ide.startup.impl.StartupManagerImplKt.access$runStartupActivity(StartupManagerImpl.kt:1)
	at com.intellij.ide.startup.impl.StartupManagerImpl.runActivityAndMeasureDuration(StartupManagerImpl.kt:305)
	at com.intellij.ide.startup.impl.StartupManagerImpl.runActivityAndMeasureDuration$default(StartupManagerImpl.kt:296)
	at com.intellij.ide.startup.impl.StartupManagerImpl$runPostStartupActivities$1$2.run(StartupManagerImpl.kt:260)
	at com.intellij.openapi.project.DumbServiceImpl.doRun(DumbServiceImpl.java:395)
	at com.intellij.openapi.project.DumbServiceImpl.updateFinished(DumbServiceImpl.java:387)
	at com.intellij.openapi.project.TrackedEdtActivityService$TrackedEdtActivity.run(TrackedEdtActivityService.java:66)
	at com.intellij.openapi.application.TransactionGuardImpl.runWithWritingAllowed(TransactionGuardImpl.java:209)
	at com.intellij.openapi.application.TransactionGuardImpl.access$100(TransactionGuardImpl.java:21)
	at com.intellij.openapi.application.TransactionGuardImpl$1.run(TransactionGuardImpl.java:191)
	at com.intellij.openapi.application.impl.ApplicationImpl.runIntendedWriteActionOnCurrentThread(ApplicationImpl.java:881)
	at com.intellij.openapi.application.impl.ApplicationImpl$3.run(ApplicationImpl.java:513)
	at com.intellij.openapi.application.impl.FlushQueue.doRun(FlushQueue.java:75)
	at com.intellij.openapi.application.impl.FlushQueue.runNextEvent(FlushQueue.java:118)
	at com.intellij.openapi.application.impl.FlushQueue.flushNow(FlushQueue.java:42)
	at java.desktop/java.awt.event.InvocationEvent.dispatch(InvocationEvent.java:318)
	at java.desktop/java.awt.EventQueue.dispatchEventImpl(EventQueue.java:779)
	at java.desktop/java.awt.EventQueue$4.run(EventQueue.java:730)
	at java.desktop/java.awt.EventQueue$4.run(EventQueue.java:724)
	at java.base/java.security.AccessController.doPrivileged(AccessController.java:399)
	at java.base/java.security.ProtectionDomain$JavaSecurityAccessImpl.doIntersectionPrivilege(ProtectionDomain.java:86)
	at java.desktop/java.awt.EventQueue.dispatchEvent(EventQueue.java:749)
	at com.intellij.ide.IdeEventQueue.defaultDispatchEvent(IdeEventQueue.java:918)
	at com.intellij.ide.IdeEventQueue._dispatchEvent(IdeEventQueue.java:766)
	at com.intellij.ide.IdeEventQueue.lambda$dispatchEvent$6(IdeEventQueue.java:450)
	at com.intellij.openapi.progress.impl.CoreProgressManager.computePrioritized(CoreProgressManager.java:791)
	at com.intellij.ide.IdeEventQueue.lambda$dispatchEvent$7(IdeEventQueue.java:449)
	at com.intellij.openapi.application.TransactionGuardImpl.performActivity(TransactionGuardImpl.java:105)
	at com.intellij.ide.IdeEventQueue.performActivity(IdeEventQueue.java:624)
	at com.intellij.ide.IdeEventQueue.lambda$dispatchEvent$8(IdeEventQueue.java:447)
	at com.intellij.openapi.application.impl.ApplicationImpl.runIntendedWriteActionOnCurrentThread(ApplicationImpl.java:881)
	at com.intellij.ide.IdeEventQueue.dispatchEvent(IdeEventQueue.java:493)
	at java.desktop/java.awt.EventDispatchThread.pumpOneEventForFilters(EventDispatchThread.java:207)
	at java.desktop/java.awt.EventDispatchThread.pumpEventsForFilter(EventDispatchThread.java:128)
	at java.desktop/java.awt.EventDispatchThread.pumpEventsForHierarchy(EventDispatchThread.java:117)
	at java.desktop/java.awt.EventDispatchThread.pumpEvents(EventDispatchThread.java:113)
	at java.desktop/java.awt.EventDispatchThread.pumpEvents(EventDispatchThread.java:105)
	at java.desktop/java.awt.EventDispatchThread.run(EventDispatchThread.java:92)
2022-12-29 18:27:05 INFO  AnalyticsService.run(86) - null : error in server. Status code :301
